<?xml version="1.0" encoding="UTF-8"?>
<!-- Generated by org.testng.reporters.JUnitReportReporter -->
<testsuite hostname="DESKTOP-6DKNH69" failures="0" tests="2" name="Runner.Runnerclass" time="20.085" errors="0" timestamp="2025-07-12T10:07:21 IST" skipped="0">
  <testcase classname="Runner.Runnerclass" name="runScenario" time="7.918"/>
  <system-out/>
  <testcase classname="Runner.Runnerclass" name="runScenario" time="12.167"/>
  <system-out/>
</testsuite> <!-- Runner.Runnerclass -->
